
<source xmlns:xsi="http://www.w3.org/2001/XMLSchema-instance">
<publisher>CIA</publisher>
<publisherurl>www.averittdrivers.com</publisherurl>
<lastBuildDate>2/1/2019</lastBuildDate>
<job>
<title>CDL-A Regional Truck Driver</title>
<date>4/29/2019</date>
<referencenumber>AVT-0000141</referencenumber>
<url>
https://averittdrivers.com/regional-ita?utm_source=indeed_ita&amp;utm_medium=cpa&amp;utm_campaign=73829_ita&amp;mm_campaign=81F1808F554C3EE5519A5E27B98FA418&amp;mm_replace=TRUE&amp;r=leadflex_indeed_ita_73829&amp;requisition_id=73829&amp;saved_application_selected_tid=&amp;parent_company_id=760&amp;portal_user_id=0&amp;reference_page=job_requisitions&amp;uri_b=ia_averittexpress_293055176
</url>
<company>Averitt Express</company>
<city>Cookeville</city>
<state>TN</state>
<zip>38501</zip>
<country>USA</country>
<description>
Regional drivers at Averitt carry freight across 25 states primarily in Southern, Southwest and Midwest lanes with occasional runs to the Northeast, but you never have to sacrifice your right to home time every single week. Our CDL-A Regional drivers also enjoy 100% no-touch freight. CDL-A Regional Truck Driver Benefits: - $2,000 sign-on bonus for qualified drivers through January 31, 2019! ($1,000 at 90 and 180 days; excluding students) Competitive pay: - Starting pay .46 cpm - Average $1,200 per week / $62,000 per year - Stop, layover, breakdown and detention pay - Paid orientation - Weekly home time - 84% of our drivers are home by noon on Saturday - Paid time off including 8 paid holidays (after 90 days) - Excellent insurance coverage that includes medical, prescription, dental, vision and hearing starting as low as $81.70/week for family plans and $32.05/week for individual plans - Company-paid life insurance and short-term disability benefits - Traditional and Roth 401(k) plans with profit sharing that directs a portion of company profits into your retirement account - Referral rewards - cash bonuses for referrals - Averitt's fleet includes local, dedicated, and regional truck driver jobs. Drivers can change their driving preferences as their careers progress, including opportunities in operations and leadership. - PAID TRAINING! Requires 4 months' verifiable experience in the past 3 years or 6 months' verifiable experience in the past 5 years. - We love our Veterans! See below for more information on our GI Bill Training Program. CDL-A Driver GI Bill Program: If you are eligible for GI Bill benefits, you can earn up to $1,140 per month tax free,using your available Post 9/11 GI Bill funds, PLUS your weekly Averitt paycheck, PLUS up to $4,800 tuition/transition bonus from Averitt (paid weekly)! We ARE NOT a truck driving school, youmust have your CDL-A to join our team. - Must have valid CDL-A and graduated from one of our approved truck driving schools in the past 180 days OR have any tractor trailer experience in the past 10 years (recruiter will review eligibility; military driving experience considered) - Must have previously served in the U.S. military or have a family member with Post 9/11 GI Bill benefits available. To check to see if you have available benefits, please call the V.A. at 888-442-4551. It could take the V.A. approximately 90 days to determine eligibility. - If you qualify for the Post 9/11 GI benefits, you are eligible to get up to 12 monthly payments from the V.A. while you receive on-the-job training. - You will receive 6 weeks of behind-the-wheel training at $800 per week. During the remaining 46 weeks, you will work with a mentor and leadership for follow-up training and communication. - Eligible Veterans will complete all required paperwork during orientation. Benefit checks are paid directly from the Department of Veteran Affairs - not Averitt - usually 4-6 weeks after training begins. Ready to make a change? APPLY NOW to be an Averitt CDL-A Regional Truck Driver Averitt Express is an equal opportunity/affirmative action employer. All qualified applicants will receive consideration for employment without regard to sex, gender identity, sexual orientation, race, color, religion, national origin, disability, protected veteran status, age, or any other characteristic protected by law.
</description>
<jobtype>Full Time</jobtype>
</job>
<job>
<title>CDL-A Regional Truck Driver</title>
<date>4/29/2019</date>
<referencenumber>AVT-0000142</referencenumber>
<url>
https://averittdrivers.com/regional-ita?utm_source=indeed_ita&amp;utm_medium=cpa&amp;utm_campaign=73833_ita&amp;mm_campaign=81F1808F554C3EE5519A5E27B98FA418&amp;mm_replace=TRUE&amp;r=leadflex_indeed_ita_73833&amp;requisition_id=73833&amp;saved_application_selected_tid=&amp;parent_company_id=760&amp;portal_user_id=0&amp;reference_page=job_requisitions&amp;uri_b=ia_averittexpress_293055176
</url>
<company>Averitt Express</company>
<city>Jackson</city>
<state>TN</state>
<zip>38301</zip>
<country>USA</country>
<description>
Regional drivers at Averitt carry freight across 25 states primarily in Southern, Southwest and Midwest lanes with occasional runs to the Northeast, but you never have to sacrifice your right to home time every single week. Our CDL-A Regional drivers also enjoy 100% no-touch freight. CDL-A Regional Truck Driver Benefits: - $2,000 sign-on bonus for qualified drivers through January 31, 2019! ($1,000 at 90 and 180 days; excluding students) Competitive pay: - Starting pay .46 cpm - Average $1,200 per week / $62,000 per year - Stop, layover, breakdown and detention pay - Paid orientation - Weekly home time - 84% of our drivers are home by noon on Saturday - Paid time off including 8 paid holidays (after 90 days) - Excellent insurance coverage that includes medical, prescription, dental, vision and hearing starting as low as $81.70/week for family plans and $32.05/week for individual plans - Company-paid life insurance and short-term disability benefits - Traditional and Roth 401(k) plans with profit sharing that directs a portion of company profits into your retirement account - Referral rewards - cash bonuses for referrals - Averitt's fleet includes local, dedicated, and regional truck driver jobs. Drivers can change their driving preferences as their careers progress, including opportunities in operations and leadership. - PAID TRAINING! Requires 4 months' verifiable experience in the past 3 years or 6 months' verifiable experience in the past 5 years. - We love our Veterans! See below for more information on our GI Bill Training Program. CDL-A Driver GI Bill Program: If you are eligible for GI Bill benefits, you can earn up to $1,140 per month tax free,using your available Post 9/11 GI Bill funds, PLUS your weekly Averitt paycheck, PLUS up to $4,800 tuition/transition bonus from Averitt (paid weekly)! We ARE NOT a truck driving school, youmust have your CDL-A to join our team. - Must have valid CDL-A and graduated from one of our approved truck driving schools in the past 180 days OR have any tractor trailer experience in the past 10 years (recruiter will review eligibility; military driving experience considered) - Must have previously served in the U.S. military or have a family member with Post 9/11 GI Bill benefits available. To check to see if you have available benefits, please call the V.A. at 888-442-4551. It could take the V.A. approximately 90 days to determine eligibility. - If you qualify for the Post 9/11 GI benefits, you are eligible to get up to 12 monthly payments from the V.A. while you receive on-the-job training. - You will receive 6 weeks of behind-the-wheel training at $800 per week. During the remaining 46 weeks, you will work with a mentor and leadership for follow-up training and communication. - Eligible Veterans will complete all required paperwork during orientation. Benefit checks are paid directly from the Department of Veteran Affairs - not Averitt - usually 4-6 weeks after training begins. Ready to make a change? APPLY NOW to be an Averitt CDL-A Regional Truck Driver Averitt Express is an equal opportunity/affirmative action employer. All qualified applicants will receive consideration for employment without regard to sex, gender identity, sexual orientation, race, color, religion, national origin, disability, protected veteran status, age, or any other characteristic protected by law.
</description>
<jobtype>Full Time</jobtype>
</job>
<job>
<title>CDL-A Regional Truck Driver</title>
<date>4/29/2019</date>
<referencenumber>AVT-0000143</referencenumber>
<url>
https://averittdrivers.com/regional-ita?utm_source=indeed_ita&amp;utm_medium=cpa&amp;utm_campaign=73834_ita&amp;mm_campaign=81F1808F554C3EE5519A5E27B98FA418&amp;mm_replace=TRUE&amp;r=leadflex_indeed_ita_73834&amp;requisition_id=73834&amp;saved_application_selected_tid=&amp;parent_company_id=760&amp;portal_user_id=0&amp;reference_page=job_requisitions&amp;uri_b=ia_averittexpress_293055176
</url>
<company>Averitt Express</company>
<city>Knoxville</city>
<state>TN</state>
<zip>37901</zip>
<country>USA</country>
<description>
Regional drivers at Averitt carry freight across 25 states primarily in Southern, Southwest and Midwest lanes with occasional runs to the Northeast, but you never have to sacrifice your right to home time every single week. Our CDL-A Regional drivers also enjoy 100% no-touch freight. CDL-A Regional Truck Driver Benefits: - $2,000 sign-on bonus for qualified drivers through January 31, 2019! ($1,000 at 90 and 180 days; excluding students) Competitive pay: - Starting pay .46 cpm - Average $1,200 per week / $62,000 per year - Stop, layover, breakdown and detention pay - Paid orientation - Weekly home time - 84% of our drivers are home by noon on Saturday - Paid time off including 8 paid holidays (after 90 days) - Excellent insurance coverage that includes medical, prescription, dental, vision and hearing starting as low as $81.70/week for family plans and $32.05/week for individual plans - Company-paid life insurance and short-term disability benefits - Traditional and Roth 401(k) plans with profit sharing that directs a portion of company profits into your retirement account - Referral rewards - cash bonuses for referrals - Averitt's fleet includes local, dedicated, and regional truck driver jobs. Drivers can change their driving preferences as their careers progress, including opportunities in operations and leadership. - PAID TRAINING! Requires 4 months' verifiable experience in the past 3 years or 6 months' verifiable experience in the past 5 years. - We love our Veterans! See below for more information on our GI Bill Training Program. CDL-A Driver GI Bill Program: If you are eligible for GI Bill benefits, you can earn up to $1,140 per month tax free,using your available Post 9/11 GI Bill funds, PLUS your weekly Averitt paycheck, PLUS up to $4,800 tuition/transition bonus from Averitt (paid weekly)! We ARE NOT a truck driving school, youmust have your CDL-A to join our team. - Must have valid CDL-A and graduated from one of our approved truck driving schools in the past 180 days OR have any tractor trailer experience in the past 10 years (recruiter will review eligibility; military driving experience considered) - Must have previously served in the U.S. military or have a family member with Post 9/11 GI Bill benefits available. To check to see if you have available benefits, please call the V.A. at 888-442-4551. It could take the V.A. approximately 90 days to determine eligibility. - If you qualify for the Post 9/11 GI benefits, you are eligible to get up to 12 monthly payments from the V.A. while you receive on-the-job training. - You will receive 6 weeks of behind-the-wheel training at $800 per week. During the remaining 46 weeks, you will work with a mentor and leadership for follow-up training and communication. - Eligible Veterans will complete all required paperwork during orientation. Benefit checks are paid directly from the Department of Veteran Affairs - not Averitt - usually 4-6 weeks after training begins. Ready to make a change? APPLY NOW to be an Averitt CDL-A Regional Truck Driver Averitt Express is an equal opportunity/affirmative action employer. All qualified applicants will receive consideration for employment without regard to sex, gender identity, sexual orientation, race, color, religion, national origin, disability, protected veteran status, age, or any other characteristic protected by law.
</description>
<jobtype>Full Time</jobtype>
</job>
<job>
<title>CDL-A Regional Truck Driver</title>
<date>4/29/2019</date>
<referencenumber>AVT-0000144</referencenumber>
<url>
https://averittdrivers.com/regional-ita?utm_source=indeed_ita&amp;utm_medium=cpa&amp;utm_campaign=73784_ita&amp;mm_campaign=81F1808F554C3EE5519A5E27B98FA418&amp;mm_replace=TRUE&amp;r=leadflex_indeed_ita_73784&amp;requisition_id=73784&amp;saved_application_selected_tid=&amp;parent_company_id=760&amp;portal_user_id=0&amp;reference_page=job_requisitions&amp;uri_b=ia_averittexpress_293055176
</url>
<company>Averitt Express</company>
<city>Cartersville</city>
<state>GA</state>
<zip>30101</zip>
<country>USA</country>
<description>
Regional drivers at Averitt carry freight across 25 states primarily in Southern, Southwest and Midwest lanes with occasional runs to the Northeast, but you never have to sacrifice your right to home time every single week. Our CDL-A Regional drivers also enjoy 100% no-touch freight. CDL-A Regional Truck Driver Benefits: - $2,000 sign-on bonus for qualified drivers through January 31, 2019! ($1,000 at 90 and 180 days; excluding students) Competitive pay: - Starting pay .46 cpm - Average $1,200 per week / $62,000 per year - Stop, layover, breakdown and detention pay - Paid orientation - Weekly home time - 84% of our drivers are home by noon on Saturday - Paid time off including 8 paid holidays (after 90 days) - Excellent insurance coverage that includes medical, prescription, dental, vision and hearing starting as low as $81.70/week for family plans and $32.05/week for individual plans - Company-paid life insurance and short-term disability benefits - Traditional and Roth 401(k) plans with profit sharing that directs a portion of company profits into your retirement account - Referral rewards - cash bonuses for referrals - Averitt's fleet includes local, dedicated, and regional truck driver jobs. Drivers can change their driving preferences as their careers progress, including opportunities in operations and leadership. - PAID TRAINING! Requires 4 months' verifiable experience in the past 3 years or 6 months' verifiable experience in the past 5 years. - We love our Veterans! See below for more information on our GI Bill Training Program. CDL-A Driver GI Bill Program: If you are eligible for GI Bill benefits, you can earn up to $1,140 per month tax free,using your available Post 9/11 GI Bill funds, PLUS your weekly Averitt paycheck, PLUS up to $4,800 tuition/transition bonus from Averitt (paid weekly)! We ARE NOT a truck driving school, youmust have your CDL-A to join our team. - Must have valid CDL-A and graduated from one of our approved truck driving schools in the past 180 days OR have any tractor trailer experience in the past 10 years (recruiter will review eligibility; military driving experience considered) - Must have previously served in the U.S. military or have a family member with Post 9/11 GI Bill benefits available. To check to see if you have available benefits, please call the V.A. at 888-442-4551. It could take the V.A. approximately 90 days to determine eligibility. - If you qualify for the Post 9/11 GI benefits, you are eligible to get up to 12 monthly payments from the V.A. while you receive on-the-job training. - You will receive 6 weeks of behind-the-wheel training at $800 per week. During the remaining 46 weeks, you will work with a mentor and leadership for follow-up training and communication. - Eligible Veterans will complete all required paperwork during orientation. Benefit checks are paid directly from the Department of Veteran Affairs - not Averitt - usually 4-6 weeks after training begins. Ready to make a change? APPLY NOW to be an Averitt CDL-A Regional Truck Driver Averitt Express is an equal opportunity/affirmative action employer. All qualified applicants will receive consideration for employment without regard to sex, gender identity, sexual orientation, race, color, religion, national origin, disability, protected veteran status, age, or any other characteristic protected by law.
</description>
<jobtype>Full Time</jobtype>
</job>
<job>
<title>CDL-A Regional Truck Driver</title>
<date>4/29/2019</date>
<referencenumber>AVT-0000145</referencenumber>
<url>
https://averittdrivers.com/regional-ita?utm_source=indeed_ita&amp;utm_medium=cpa&amp;utm_campaign=73786_ita&amp;mm_campaign=81F1808F554C3EE5519A5E27B98FA418&amp;mm_replace=TRUE&amp;r=leadflex_indeed_ita_73786&amp;requisition_id=73786&amp;saved_application_selected_tid=&amp;parent_company_id=760&amp;portal_user_id=0&amp;reference_page=job_requisitions&amp;uri_b=ia_averittexpress_293055176
</url>
<company>Averitt Express</company>
<city>Lawrenceville</city>
<state>GA</state>
<zip>30043</zip>
<country>USA</country>
<description>
Regional drivers at Averitt carry freight across 25 states primarily in Southern, Southwest and Midwest lanes with occasional runs to the Northeast, but you never have to sacrifice your right to home time every single week. Our CDL-A Regional drivers also enjoy 100% no-touch freight. CDL-A Regional Truck Driver Benefits: - $2,000 sign-on bonus for qualified drivers through January 31, 2019! ($1,000 at 90 and 180 days; excluding students) Competitive pay: - Starting pay .46 cpm - Average $1,200 per week / $62,000 per year - Stop, layover, breakdown and detention pay - Paid orientation - Weekly home time - 84% of our drivers are home by noon on Saturday - Paid time off including 8 paid holidays (after 90 days) - Excellent insurance coverage that includes medical, prescription, dental, vision and hearing starting as low as $81.70/week for family plans and $32.05/week for individual plans - Company-paid life insurance and short-term disability benefits - Traditional and Roth 401(k) plans with profit sharing that directs a portion of company profits into your retirement account - Referral rewards - cash bonuses for referrals - Averitt's fleet includes local, dedicated, and regional truck driver jobs. Drivers can change their driving preferences as their careers progress, including opportunities in operations and leadership. - PAID TRAINING! Requires 4 months' verifiable experience in the past 3 years or 6 months' verifiable experience in the past 5 years. - We love our Veterans! See below for more information on our GI Bill Training Program. CDL-A Driver GI Bill Program: If you are eligible for GI Bill benefits, you can earn up to $1,140 per month tax free,using your available Post 9/11 GI Bill funds, PLUS your weekly Averitt paycheck, PLUS up to $4,800 tuition/transition bonus from Averitt (paid weekly)! We ARE NOT a truck driving school, youmust have your CDL-A to join our team. - Must have valid CDL-A and graduated from one of our approved truck driving schools in the past 180 days OR have any tractor trailer experience in the past 10 years (recruiter will review eligibility; military driving experience considered) - Must have previously served in the U.S. military or have a family member with Post 9/11 GI Bill benefits available. To check to see if you have available benefits, please call the V.A. at 888-442-4551. It could take the V.A. approximately 90 days to determine eligibility. - If you qualify for the Post 9/11 GI benefits, you are eligible to get up to 12 monthly payments from the V.A. while you receive on-the-job training. - You will receive 6 weeks of behind-the-wheel training at $800 per week. During the remaining 46 weeks, you will work with a mentor and leadership for follow-up training and communication. - Eligible Veterans will complete all required paperwork during orientation. Benefit checks are paid directly from the Department of Veteran Affairs - not Averitt - usually 4-6 weeks after training begins. Ready to make a change? APPLY NOW to be an Averitt CDL-A Regional Truck Driver Averitt Express is an equal opportunity/affirmative action employer. All qualified applicants will receive consideration for employment without regard to sex, gender identity, sexual orientation, race, color, religion, national origin, disability, protected veteran status, age, or any other characteristic protected by law.
</description>
<jobtype>Full Time</jobtype>
</job>
<job>
<title>CDL-A Regional Truck Driver</title>
<date>4/29/2019</date>
<referencenumber>AVT-0000146</referencenumber>
<url>
https://averittdrivers.com/regional-ita?utm_source=indeed_ita&amp;utm_medium=cpa&amp;utm_campaign=73797_ita&amp;mm_campaign=81F1808F554C3EE5519A5E27B98FA418&amp;mm_replace=TRUE&amp;r=leadflex_indeed_ita_73797&amp;requisition_id=73797&amp;saved_application_selected_tid=&amp;parent_company_id=760&amp;portal_user_id=0&amp;reference_page=job_requisitions&amp;uri_b=ia_averittexpress_293055176
</url>
<company>Averitt Express</company>
<city>Indianapolis</city>
<state>IN</state>
<zip>46077</zip>
<country>USA</country>
<description>
Regional drivers at Averitt carry freight across 25 states primarily in Southern, Southwest and Midwest lanes with occasional runs to the Northeast, but you never have to sacrifice your right to home time every single week. Our CDL-A Regional drivers also enjoy 100% no-touch freight. CDL-A Regional Truck Driver Benefits: - $2,000 sign-on bonus for qualified drivers through January 31, 2019! ($1,000 at 90 and 180 days; excluding students) Competitive pay: - Starting pay .46 cpm - Average $1,200 per week / $62,000 per year - Stop, layover, breakdown and detention pay - Paid orientation - Weekly home time - 84% of our drivers are home by noon on Saturday - Paid time off including 8 paid holidays (after 90 days) - Excellent insurance coverage that includes medical, prescription, dental, vision and hearing starting as low as $81.70/week for family plans and $32.05/week for individual plans - Company-paid life insurance and short-term disability benefits - Traditional and Roth 401(k) plans with profit sharing that directs a portion of company profits into your retirement account - Referral rewards - cash bonuses for referrals - Averitt's fleet includes local, dedicated, and regional truck driver jobs. Drivers can change their driving preferences as their careers progress, including opportunities in operations and leadership. - PAID TRAINING! Requires 4 months' verifiable experience in the past 3 years or 6 months' verifiable experience in the past 5 years. - We love our Veterans! See below for more information on our GI Bill Training Program. CDL-A Driver GI Bill Program: If you are eligible for GI Bill benefits, you can earn up to $1,140 per month tax free,using your available Post 9/11 GI Bill funds, PLUS your weekly Averitt paycheck, PLUS up to $4,800 tuition/transition bonus from Averitt (paid weekly)! We ARE NOT a truck driving school, youmust have your CDL-A to join our team. - Must have valid CDL-A and graduated from one of our approved truck driving schools in the past 180 days OR have any tractor trailer experience in the past 10 years (recruiter will review eligibility; military driving experience considered) - Must have previously served in the U.S. military or have a family member with Post 9/11 GI Bill benefits available. To check to see if you have available benefits, please call the V.A. at 888-442-4551. It could take the V.A. approximately 90 days to determine eligibility. - If you qualify for the Post 9/11 GI benefits, you are eligible to get up to 12 monthly payments from the V.A. while you receive on-the-job training. - You will receive 6 weeks of behind-the-wheel training at $800 per week. During the remaining 46 weeks, you will work with a mentor and leadership for follow-up training and communication. - Eligible Veterans will complete all required paperwork during orientation. Benefit checks are paid directly from the Department of Veteran Affairs - not Averitt - usually 4-6 weeks after training begins. Ready to make a change? APPLY NOW to be an Averitt CDL-A Regional Truck Driver Averitt Express is an equal opportunity/affirmative action employer. All qualified applicants will receive consideration for employment without regard to sex, gender identity, sexual orientation, race, color, religion, national origin, disability, protected veteran status, age, or any other characteristic protected by law.
</description>
<jobtype>Full Time</jobtype>
</job>
<job>
<title>CDL-A Regional Truck Driver</title>
<date>4/29/2019</date>
<referencenumber>AVT-0000147</referencenumber>
<url>
https://averittdrivers.com/regional-ita?utm_source=indeed_ita&amp;utm_medium=cpa&amp;utm_campaign=73806_ita&amp;mm_campaign=81F1808F554C3EE5519A5E27B98FA418&amp;mm_replace=TRUE&amp;r=leadflex_indeed_ita_73806&amp;requisition_id=73806&amp;saved_application_selected_tid=&amp;parent_company_id=760&amp;portal_user_id=0&amp;reference_page=job_requisitions&amp;uri_b=ia_averittexpress_293055176
</url>
<company>Averitt Express</company>
<city>Bowling Green</city>
<state>KY</state>
<zip>42101</zip>
<country>USA</country>
<description>
Regional drivers at Averitt carry freight across 25 states primarily in Southern, Southwest and Midwest lanes with occasional runs to the Northeast, but you never have to sacrifice your right to home time every single week. Our CDL-A Regional drivers also enjoy 100% no-touch freight. CDL-A Regional Truck Driver Benefits: - $2,000 sign-on bonus for qualified drivers through January 31, 2019! ($1,000 at 90 and 180 days; excluding students) Competitive pay: - Starting pay .46 cpm - Average $1,200 per week / $62,000 per year - Stop, layover, breakdown and detention pay - Paid orientation - Weekly home time - 84% of our drivers are home by noon on Saturday - Paid time off including 8 paid holidays (after 90 days) - Excellent insurance coverage that includes medical, prescription, dental, vision and hearing starting as low as $81.70/week for family plans and $32.05/week for individual plans - Company-paid life insurance and short-term disability benefits - Traditional and Roth 401(k) plans with profit sharing that directs a portion of company profits into your retirement account - Referral rewards - cash bonuses for referrals - Averitt's fleet includes local, dedicated, and regional truck driver jobs. Drivers can change their driving preferences as their careers progress, including opportunities in operations and leadership. - PAID TRAINING! Requires 4 months' verifiable experience in the past 3 years or 6 months' verifiable experience in the past 5 years. - We love our Veterans! See below for more information on our GI Bill Training Program. CDL-A Driver GI Bill Program: If you are eligible for GI Bill benefits, you can earn up to $1,140 per month tax free,using your available Post 9/11 GI Bill funds, PLUS your weekly Averitt paycheck, PLUS up to $4,800 tuition/transition bonus from Averitt (paid weekly)! We ARE NOT a truck driving school, youmust have your CDL-A to join our team. - Must have valid CDL-A and graduated from one of our approved truck driving schools in the past 180 days OR have any tractor trailer experience in the past 10 years (recruiter will review eligibility; military driving experience considered) - Must have previously served in the U.S. military or have a family member with Post 9/11 GI Bill benefits available. To check to see if you have available benefits, please call the V.A. at 888-442-4551. It could take the V.A. approximately 90 days to determine eligibility. - If you qualify for the Post 9/11 GI benefits, you are eligible to get up to 12 monthly payments from the V.A. while you receive on-the-job training. - You will receive 6 weeks of behind-the-wheel training at $800 per week. During the remaining 46 weeks, you will work with a mentor and leadership for follow-up training and communication. - Eligible Veterans will complete all required paperwork during orientation. Benefit checks are paid directly from the Department of Veteran Affairs - not Averitt - usually 4-6 weeks after training begins. Ready to make a change? APPLY NOW to be an Averitt CDL-A Regional Truck Driver Averitt Express is an equal opportunity/affirmative action employer. All qualified applicants will receive consideration for employment without regard to sex, gender identity, sexual orientation, race, color, religion, national origin, disability, protected veteran status, age, or any other characteristic protected by law.
</description>
<jobtype>Full Time</jobtype>
</job>
<job>
<title>CDL-A Regional Truck Driver</title>
<date>4/29/2019</date>
<referencenumber>AVT-0000148</referencenumber>
<url>
https://averittdrivers.com/regional-ita?utm_source=indeed_ita&amp;utm_medium=cpa&amp;utm_campaign=73808_ita&amp;mm_campaign=81F1808F554C3EE5519A5E27B98FA418&amp;mm_replace=TRUE&amp;r=leadflex_indeed_ita_73808&amp;requisition_id=73808&amp;saved_application_selected_tid=&amp;parent_company_id=760&amp;portal_user_id=0&amp;reference_page=job_requisitions&amp;uri_b=ia_averittexpress_293055176
</url>
<company>Averitt Express</company>
<city>Erlanger</city>
<state>KY</state>
<zip>41017</zip>
<country>USA</country>
<description>
Regional drivers at Averitt carry freight across 25 states primarily in Southern, Southwest and Midwest lanes with occasional runs to the Northeast, but you never have to sacrifice your right to home time every single week. Our CDL-A Regional drivers also enjoy 100% no-touch freight. CDL-A Regional Truck Driver Benefits: - $2,000 sign-on bonus for qualified drivers through January 31, 2019! ($1,000 at 90 and 180 days; excluding students) Competitive pay: - Starting pay .46 cpm - Average $1,200 per week / $62,000 per year - Stop, layover, breakdown and detention pay - Paid orientation - Weekly home time - 84% of our drivers are home by noon on Saturday - Paid time off including 8 paid holidays (after 90 days) - Excellent insurance coverage that includes medical, prescription, dental, vision and hearing starting as low as $81.70/week for family plans and $32.05/week for individual plans - Company-paid life insurance and short-term disability benefits - Traditional and Roth 401(k) plans with profit sharing that directs a portion of company profits into your retirement account - Referral rewards - cash bonuses for referrals - Averitt's fleet includes local, dedicated, and regional truck driver jobs. Drivers can change their driving preferences as their careers progress, including opportunities in operations and leadership. - PAID TRAINING! Requires 4 months' verifiable experience in the past 3 years or 6 months' verifiable experience in the past 5 years. - We love our Veterans! See below for more information on our GI Bill Training Program. CDL-A Driver GI Bill Program: If you are eligible for GI Bill benefits, you can earn up to $1,140 per month tax free,using your available Post 9/11 GI Bill funds, PLUS your weekly Averitt paycheck, PLUS up to $4,800 tuition/transition bonus from Averitt (paid weekly)! We ARE NOT a truck driving school, youmust have your CDL-A to join our team. - Must have valid CDL-A and graduated from one of our approved truck driving schools in the past 180 days OR have any tractor trailer experience in the past 10 years (recruiter will review eligibility; military driving experience considered) - Must have previously served in the U.S. military or have a family member with Post 9/11 GI Bill benefits available. To check to see if you have available benefits, please call the V.A. at 888-442-4551. It could take the V.A. approximately 90 days to determine eligibility. - If you qualify for the Post 9/11 GI benefits, you are eligible to get up to 12 monthly payments from the V.A. while you receive on-the-job training. - You will receive 6 weeks of behind-the-wheel training at $800 per week. During the remaining 46 weeks, you will work with a mentor and leadership for follow-up training and communication. - Eligible Veterans will complete all required paperwork during orientation. Benefit checks are paid directly from the Department of Veteran Affairs - not Averitt - usually 4-6 weeks after training begins. Ready to make a change? APPLY NOW to be an Averitt CDL-A Regional Truck Driver Averitt Express is an equal opportunity/affirmative action employer. All qualified applicants will receive consideration for employment without regard to sex, gender identity, sexual orientation, race, color, religion, national origin, disability, protected veteran status, age, or any other characteristic protected by law.
</description>
<jobtype>Full Time</jobtype>
</job>
<job>
<title>CDL-A Regional Truck Driver</title>
<date>4/29/2019</date>
<referencenumber>AVT-0000149</referencenumber>
<url>
https://averittdrivers.com/regional-ita?utm_source=indeed_ita&amp;utm_medium=cpa&amp;utm_campaign=73809_ita&amp;mm_campaign=81F1808F554C3EE5519A5E27B98FA418&amp;mm_replace=TRUE&amp;r=leadflex_indeed_ita_73809&amp;requisition_id=73809&amp;saved_application_selected_tid=&amp;parent_company_id=760&amp;portal_user_id=0&amp;reference_page=job_requisitions&amp;uri_b=ia_averittexpress_293055176
</url>
<company>Averitt Express</company>
<city>Lexington</city>
<state>KY</state>
<zip>40502</zip>
<country>USA</country>
<description>
Regional drivers at Averitt carry freight across 25 states primarily in Southern, Southwest and Midwest lanes with occasional runs to the Northeast, but you never have to sacrifice your right to home time every single week. Our CDL-A Regional drivers also enjoy 100% no-touch freight. CDL-A Regional Truck Driver Benefits: - $2,000 sign-on bonus for qualified drivers through January 31, 2019! ($1,000 at 90 and 180 days; excluding students) Competitive pay: - Starting pay .46 cpm - Average $1,200 per week / $62,000 per year - Stop, layover, breakdown and detention pay - Paid orientation - Weekly home time - 84% of our drivers are home by noon on Saturday - Paid time off including 8 paid holidays (after 90 days) - Excellent insurance coverage that includes medical, prescription, dental, vision and hearing starting as low as $81.70/week for family plans and $32.05/week for individual plans - Company-paid life insurance and short-term disability benefits - Traditional and Roth 401(k) plans with profit sharing that directs a portion of company profits into your retirement account - Referral rewards - cash bonuses for referrals - Averitt's fleet includes local, dedicated, and regional truck driver jobs. Drivers can change their driving preferences as their careers progress, including opportunities in operations and leadership. - PAID TRAINING! Requires 4 months' verifiable experience in the past 3 years or 6 months' verifiable experience in the past 5 years. - We love our Veterans! See below for more information on our GI Bill Training Program. CDL-A Driver GI Bill Program: If you are eligible for GI Bill benefits, you can earn up to $1,140 per month tax free,using your available Post 9/11 GI Bill funds, PLUS your weekly Averitt paycheck, PLUS up to $4,800 tuition/transition bonus from Averitt (paid weekly)! We ARE NOT a truck driving school, youmust have your CDL-A to join our team. - Must have valid CDL-A and graduated from one of our approved truck driving schools in the past 180 days OR have any tractor trailer experience in the past 10 years (recruiter will review eligibility; military driving experience considered) - Must have previously served in the U.S. military or have a family member with Post 9/11 GI Bill benefits available. To check to see if you have available benefits, please call the V.A. at 888-442-4551. It could take the V.A. approximately 90 days to determine eligibility. - If you qualify for the Post 9/11 GI benefits, you are eligible to get up to 12 monthly payments from the V.A. while you receive on-the-job training. - You will receive 6 weeks of behind-the-wheel training at $800 per week. During the remaining 46 weeks, you will work with a mentor and leadership for follow-up training and communication. - Eligible Veterans will complete all required paperwork during orientation. Benefit checks are paid directly from the Department of Veteran Affairs - not Averitt - usually 4-6 weeks after training begins. Ready to make a change? APPLY NOW to be an Averitt CDL-A Regional Truck Driver Averitt Express is an equal opportunity/affirmative action employer. All qualified applicants will receive consideration for employment without regard to sex, gender identity, sexual orientation, race, color, religion, national origin, disability, protected veteran status, age, or any other characteristic protected by law.
</description>
<jobtype>Full Time</jobtype>
</job>
<job>
<title>CDL-A Regional Truck Driver</title>
<date>4/29/2019</date>
<referencenumber>AVT-0000150</referencenumber>
<url>
https://averittdrivers.com/regional-ita?utm_source=indeed_ita&amp;utm_medium=cpa&amp;utm_campaign=73810_ita&amp;mm_campaign=81F1808F554C3EE5519A5E27B98FA418&amp;mm_replace=TRUE&amp;r=leadflex_indeed_ita_73810&amp;requisition_id=73810&amp;saved_application_selected_tid=&amp;parent_company_id=760&amp;portal_user_id=0&amp;reference_page=job_requisitions&amp;uri_b=ia_averittexpress_293055176
</url>
<company>Averitt Express</company>
<city>Louisville</city>
<state>KY</state>
<zip>40018</zip>
<country>USA</country>
<description>
Regional drivers at Averitt carry freight across 25 states primarily in Southern, Southwest and Midwest lanes with occasional runs to the Northeast, but you never have to sacrifice your right to home time every single week. Our CDL-A Regional drivers also enjoy 100% no-touch freight. CDL-A Regional Truck Driver Benefits: - $2,000 sign-on bonus for qualified drivers through January 31, 2019! ($1,000 at 90 and 180 days; excluding students) Competitive pay: - Starting pay .46 cpm - Average $1,200 per week / $62,000 per year - Stop, layover, breakdown and detention pay - Paid orientation - Weekly home time - 84% of our drivers are home by noon on Saturday - Paid time off including 8 paid holidays (after 90 days) - Excellent insurance coverage that includes medical, prescription, dental, vision and hearing starting as low as $81.70/week for family plans and $32.05/week for individual plans - Company-paid life insurance and short-term disability benefits - Traditional and Roth 401(k) plans with profit sharing that directs a portion of company profits into your retirement account - Referral rewards - cash bonuses for referrals - Averitt's fleet includes local, dedicated, and regional truck driver jobs. Drivers can change their driving preferences as their careers progress, including opportunities in operations and leadership. - PAID TRAINING! Requires 4 months' verifiable experience in the past 3 years or 6 months' verifiable experience in the past 5 years. - We love our Veterans! See below for more information on our GI Bill Training Program. CDL-A Driver GI Bill Program: If you are eligible for GI Bill benefits, you can earn up to $1,140 per month tax free,using your available Post 9/11 GI Bill funds, PLUS your weekly Averitt paycheck, PLUS up to $4,800 tuition/transition bonus from Averitt (paid weekly)! We ARE NOT a truck driving school, youmust have your CDL-A to join our team. - Must have valid CDL-A and graduated from one of our approved truck driving schools in the past 180 days OR have any tractor trailer experience in the past 10 years (recruiter will review eligibility; military driving experience considered) - Must have previously served in the U.S. military or have a family member with Post 9/11 GI Bill benefits available. To check to see if you have available benefits, please call the V.A. at 888-442-4551. It could take the V.A. approximately 90 days to determine eligibility. - If you qualify for the Post 9/11 GI benefits, you are eligible to get up to 12 monthly payments from the V.A. while you receive on-the-job training. - You will receive 6 weeks of behind-the-wheel training at $800 per week. During the remaining 46 weeks, you will work with a mentor and leadership for follow-up training and communication. - Eligible Veterans will complete all required paperwork during orientation. Benefit checks are paid directly from the Department of Veteran Affairs - not Averitt - usually 4-6 weeks after training begins. Ready to make a change? APPLY NOW to be an Averitt CDL-A Regional Truck Driver Averitt Express is an equal opportunity/affirmative action employer. All qualified applicants will receive consideration for employment without regard to sex, gender identity, sexual orientation, race, color, religion, national origin, disability, protected veteran status, age, or any other characteristic protected by law.
</description>
<jobtype>Full Time</jobtype>
</job>
</source>